<?xml version="1.0" encoding="UTF-8"?>
<!-- Generated by org.testng.reporters.JUnitReportReporter -->
<testsuite skipped="0" hostname="DESKTOP-TF80URS" name="getRequest.GetData" tests="2" failures="0" timestamp="27 Nov 2019 00:55:18 GMT" time="4.531" errors="0">
  <testcase name="test" time="2.485" classname="getRequest.GetData"/>
  <testcase name="test1" time="2.046" classname="getRequest.GetData"/>
</testsuite> <!-- getRequest.GetData -->
